This file contains any messages produced by compilers while
running configure, to aid debugging if configure makes a mistake.

It was created by libpng configure 1.6.37, which was
generated by GNU Autoconf 2.69.  Invocation command line was

  $ ./configure --host=x86_64-w64-mingw32

## --------- ##
## Platform. ##
## --------- ##

hostname = Pereira
uname -m = x86_64
uname -r = 3.3.3(0.341/5/3)
uname -s = CYGWIN_NT-10.0
uname -v = 2021-12-03 16:35

/usr/bin/uname -p = unknown
/bin/uname -X     = unknown

/bin/arch              = x86_64
/usr/bin/arch -k       = unknown
/usr/convex/getsysinfo = unknown
/usr/bin/hostinfo      = unknown
/bin/machine           = unknown
/usr/bin/oslevel       = unknown
/bin/universe          = unknown

PATH: /usr/local/bin
PATH: /usr/bin
PATH: /cygdrive/c/WINDOWS/system32
PATH: /cygdrive/c/WINDOWS
PATH: /cygdrive/c/WINDOWS/System32/Wbem
PATH: /cygdrive/c/WINDOWS/System32/WindowsPowerShell/v1.0
PATH: /cygdrive/c/WINDOWS/System32/OpenSSH
PATH: /cygdrive/c/TDM-GCC-64_header_ricardo/bin
PATH: /cygdrive/c/Program Files/dotnet
PATH: /cygdrive/c/Program Files/Git/cmd
PATH: C
PATH: /cygdrive/c/Program Files/Meson
PATH: /cygdrive/c/Users/User/AppData/Local/Microsoft/WindowsApps
PATH: /cygdrive/c/Users/User/.dotnet/tools


## ----------- ##
## Core tests. ##
## ----------- ##

configure:2358: checking for a BSD-compatible install
configure:2426: result: /usr/bin/install -c
configure:2437: checking whether build environment is sane
configure:2492: result: yes
configure:2551: checking for x86_64-w64-mingw32-strip
configure:2567: found /usr/bin/x86_64-w64-mingw32-strip
configure:2578: result: x86_64-w64-mingw32-strip
configure:2643: checking for a thread-safe mkdir -p
configure:2682: result: /usr/bin/mkdir -p
configure:2689: checking for gawk
configure:2705: found /usr/bin/gawk
configure:2716: result: gawk
configure:2727: checking whether make sets $(MAKE)
configure:2749: result: yes
configure:2778: checking whether make supports nested variables
configure:2795: result: yes
configure:2925: checking whether to enable maintainer-specific portions of Makefiles
configure:2934: result: no
configure:2974: checking for x86_64-w64-mingw32-gcc
configure:2990: found /usr/bin/x86_64-w64-mingw32-gcc
configure:3001: result: x86_64-w64-mingw32-gcc
configure:3270: checking for C compiler version
configure:3279: x86_64-w64-mingw32-gcc --version >&5
x86_64-w64-mingw32-gcc (GCC) 11.2.0
Copyright (C) 2021 Free Software Foundation, Inc.
This is free software; see the source for copying conditions.  There is NO
warranty; not even for MERCHANTABILITY or FITNESS FOR A PARTICULAR PURPOSE.

configure:3290: $? = 0
configure:3279: x86_64-w64-mingw32-gcc -v >&5
Using built-in specs.
COLLECT_GCC=x86_64-w64-mingw32-gcc
COLLECT_LTO_WRAPPER=/usr/lib/gcc/x86_64-w64-mingw32/11/lto-wrapper.exe
Target: x86_64-w64-mingw32
Configured with: /mnt/share/cygpkgs/mingw64-x86_64-gcc/mingw64-x86_64-gcc.x86_64/src/gcc-11.2.0/configure --srcdir=/mnt/share/cygpkgs/mingw64-x86_64-gcc/mingw64-x86_64-gcc.x86_64/src/gcc-11.2.0 --prefix=/usr --exec-prefix=/usr --localstatedir=/var --sysconfdir=/etc --docdir=/usr/share/doc/mingw64-x86_64-gcc --htmldir=/usr/share/doc/mingw64-x86_64-gcc/html -C --build=x86_64-pc-cygwin --host=x86_64-pc-cygwin --target=x86_64-w64-mingw32 --without-libiconv-prefix --without-libintl-prefix --with-sysroot=/usr/x86_64-w64-mingw32/sys-root --with-build-sysroot=/usr/x86_64-w64-mingw32/sys-root --disable-multilib --disable-win32-registry --enable-languages=c,c++,fortran,lto,objc,obj-c++ --enable-fully-dynamic-string --enable-graphite --enable-libgomp --enable-libquadmath --enable-libquadmath-support --enable-libssp --enable-version-specific-runtime-libs --enable-libgomp --enable-libada --with-dwarf2 --with-gcc-major-version-only --with-gnu-ld --with-gnu-as --with-tune=generic --with-cloog-include=/usr/include/cloog-isl --with-system-zlib --enable-threads=posix --libexecdir=/usr/lib
Thread model: posix
Supported LTO compression algorithms: zlib zstd
gcc version 11.2.0 (GCC) 
configure:3290: $? = 0
configure:3279: x86_64-w64-mingw32-gcc -V >&5
x86_64-w64-mingw32-gcc: error: unrecognized command-line option '-V'
x86_64-w64-mingw32-gcc: fatal error: no input files
compilation terminated.
configure:3290: $? = 1
configure:3279: x86_64-w64-mingw32-gcc -qversion >&5
x86_64-w64-mingw32-gcc: error: unrecognized command-line option '-qversion'; did you mean '--version'?
x86_64-w64-mingw32-gcc: fatal error: no input files
compilation terminated.
configure:3290: $? = 1
configure:3310: checking whether the C compiler works
configure:3332: x86_64-w64-mingw32-gcc    conftest.c  >&5
configure:3336: $? = 0
configure:3384: result: yes
configure:3387: checking for C compiler default output file name
configure:3389: result: a.exe
configure:3395: checking for suffix of executables
configure:3402: x86_64-w64-mingw32-gcc -o conftest.exe    conftest.c  >&5
configure:3406: $? = 0
configure:3428: result: .exe
configure:3450: checking whether we are cross compiling
configure:3458: x86_64-w64-mingw32-gcc -o conftest.exe    conftest.c  >&5
configure:3462: $? = 0
configure:3469: ./conftest.exe
configure:3473: $? = 0
configure:3488: result: no
configure:3493: checking for suffix of object files
configure:3515: x86_64-w64-mingw32-gcc -c   conftest.c >&5
configure:3519: $? = 0
configure:3540: result: o
configure:3544: checking whether we are using the GNU C compiler
configure:3563: x86_64-w64-mingw32-gcc -c   conftest.c >&5
configure:3563: $? = 0
configure:3572: result: yes
configure:3581: checking whether x86_64-w64-mingw32-gcc accepts -g
configure:3601: x86_64-w64-mingw32-gcc -c -g  conftest.c >&5
configure:3601: $? = 0
configure:3642: result: yes
configure:3659: checking for x86_64-w64-mingw32-gcc option to accept ISO C89
configure:3722: x86_64-w64-mingw32-gcc  -c -g -O2  conftest.c >&5
configure:3722: $? = 0
configure:3735: result: none needed
configure:3760: checking whether x86_64-w64-mingw32-gcc understands -c and -o together
configure:3782: x86_64-w64-mingw32-gcc -c conftest.c -o conftest2.o
configure:3785: $? = 0
configure:3782: x86_64-w64-mingw32-gcc -c conftest.c -o conftest2.o
configure:3785: $? = 0
configure:3797: result: yes
configure:3817: checking whether make supports the include directive
configure:3832: make -f confmf.GNU && cat confinc.out
this is the am__doit target
configure:3835: $? = 0
configure:3854: result: yes (GNU style)
configure:3879: checking dependency style of x86_64-w64-mingw32-gcc
configure:3990: result: gcc3
configure:4014: checking dependency style of x86_64-w64-mingw32-gcc
configure:4123: result: gcc3
configure:4142: checking build system type
configure:4156: result: x86_64-unknown-cygwin
configure:4176: checking host system type
configure:4189: result: x86_64-w64-mingw32
configure:4209: checking for a sed that does not truncate output
configure:4273: result: /usr/bin/sed
configure:4291: checking for grep that handles long lines and -e
configure:4349: result: /usr/bin/grep
configure:4354: checking for egrep
configure:4416: result: /usr/bin/grep -E
configure:4421: checking for fgrep
configure:4483: result: /usr/bin/grep -F
configure:4510: checking how to print strings
configure:4537: result: printf
configure:4570: checking for ld used by x86_64-w64-mingw32-gcc
configure:4637: result: /usr/x86_64-w64-mingw32/bin/ld.exe
configure:4644: checking if the linker (/usr/x86_64-w64-mingw32/bin/ld.exe) is GNU ld
configure:4659: result: yes
configure:4676: checking how to run the C preprocessor
configure:4707: x86_64-w64-mingw32-gcc -E  conftest.c
configure:4707: $? = 0
configure:4721: x86_64-w64-mingw32-gcc -E  conftest.c
conftest.c:11:10: fatal error: ac_nonexistent.h: No such file or directory
   11 | #include <ac_nonexistent.h>
      |          ^~~~~~~~~~~~~~~~~~
compilation terminated.
configure:4721: $? = 1
configure: failed program was:
| /* confdefs.h */
| #define PACKAGE_NAME "libpng"
| #define PACKAGE_TARNAME "libpng"
| #define PACKAGE_VERSION "1.6.37"
| #define PACKAGE_STRING "libpng 1.6.37"
| #define PACKAGE_BUGREPORT "png-mng-implement@lists.sourceforge.net"
| #define PACKAGE_URL ""
| #define PACKAGE "libpng"
| #define VERSION "1.6.37"
| /* end confdefs.h.  */
| #include <ac_nonexistent.h>
configure:4746: result: x86_64-w64-mingw32-gcc -E
configure:4766: x86_64-w64-mingw32-gcc -E  conftest.c
configure:4766: $? = 0
configure:4780: x86_64-w64-mingw32-gcc -E  conftest.c
conftest.c:11:10: fatal error: ac_nonexistent.h: No such file or directory
   11 | #include <ac_nonexistent.h>
      |          ^~~~~~~~~~~~~~~~~~
compilation terminated.
configure:4780: $? = 1
configure: failed program was:
| /* confdefs.h */
| #define PACKAGE_NAME "libpng"
| #define PACKAGE_TARNAME "libpng"
| #define PACKAGE_VERSION "1.6.37"
| #define PACKAGE_STRING "libpng 1.6.37"
| #define PACKAGE_BUGREPORT "png-mng-implement@lists.sourceforge.net"
| #define PACKAGE_URL ""
| #define PACKAGE "libpng"
| #define VERSION "1.6.37"
| /* end confdefs.h.  */
| #include <ac_nonexistent.h>
configure:4812: checking for gawk
configure:4839: result: gawk
configure:4851: checking whether ln -s works
configure:4855: result: yes
configure:4862: checking whether make sets $(MAKE)
configure:4884: result: yes
configure:4896: WARNING: Libtool does not cope well with whitespace in `pwd`
configure:4936: checking for BSD- or MS-compatible name lister (nm)
configure:4990: result: /usr/bin/x86_64-w64-mingw32-nm -B
configure:5120: checking the name lister (/usr/bin/x86_64-w64-mingw32-nm -B) interface
configure:5127: x86_64-w64-mingw32-gcc -c -g -O2  conftest.c >&5
configure:5130: /usr/bin/x86_64-w64-mingw32-nm -B "conftest.o"
configure:5133: output
0000000000000000 b .bss
0000000000000000 d .data
0000000000000000 N .debug_abbrev
0000000000000000 N .debug_aranges
0000000000000000 N .debug_info
0000000000000000 N .debug_line
0000000000000000 N .debug_line_str
0000000000000000 r .rdata$zzz
0000000000000000 t .text
0000000000000000 B some_variable
configure:5140: result: BSD nm
configure:5144: checking the maximum length of command line arguments
configure:5275: result: 8192
configure:5323: checking how to convert x86_64-unknown-cygwin file names to x86_64-w64-mingw32 format
configure:5363: result: func_convert_file_cygwin_to_w32
configure:5370: checking how to convert x86_64-unknown-cygwin file names to toolchain format
configure:5390: result: func_convert_file_noop
configure:5397: checking for /usr/x86_64-w64-mingw32/bin/ld.exe option to reload object files
configure:5404: result: -r
configure:5438: checking for x86_64-w64-mingw32-objdump
configure:5454: found /usr/bin/x86_64-w64-mingw32-objdump
configure:5465: result: x86_64-w64-mingw32-objdump
configure:5534: checking how to recognize dependent libraries
configure:5734: result: file_magic ^x86 archive import|^x86 DLL
configure:5779: checking for x86_64-w64-mingw32-dlltool
configure:5795: found /usr/bin/x86_64-w64-mingw32-dlltool
configure:5806: result: x86_64-w64-mingw32-dlltool
configure:5876: checking how to associate runtime and link libraries
configure:5903: result: func_cygming_dll_for_implib
configure:5920: checking for x86_64-w64-mingw32-ar
configure:5936: found /usr/bin/x86_64-w64-mingw32-ar
configure:5947: result: x86_64-w64-mingw32-ar
configure:6028: checking for archiver @FILE support
configure:6045: x86_64-w64-mingw32-gcc -c -g -O2  conftest.c >&5
configure:6045: $? = 0
configure:6048: x86_64-w64-mingw32-ar cru libconftest.a @conftest.lst >&5
configure:6051: $? = 0
configure:6056: x86_64-w64-mingw32-ar cru libconftest.a @conftest.lst >&5
x86_64-w64-mingw32-ar: conftest.o: No such file or directory
configure:6059: $? = 1
configure:6071: result: @
configure:6089: checking for x86_64-w64-mingw32-strip
configure:6116: result: x86_64-w64-mingw32-strip
configure:6188: checking for x86_64-w64-mingw32-ranlib
configure:6204: found /usr/bin/x86_64-w64-mingw32-ranlib
configure:6215: result: x86_64-w64-mingw32-ranlib
configure:6357: checking command to parse /usr/bin/x86_64-w64-mingw32-nm -B output from x86_64-w64-mingw32-gcc object
configure:6510: x86_64-w64-mingw32-gcc -c -g -O2  conftest.c >&5
configure:6513: $? = 0
configure:6517: /usr/bin/x86_64-w64-mingw32-nm -B conftest.o \| sed -n -e 's/^.*[ ]\([ABCDGIRSTW][ABCDGIRSTW]*\)[ ][ ]*\([_A-Za-z][_A-Za-z0-9]*\)$/\1 \2 \2/p' | sed '/ __gnu_lto/d' \> conftest.nm
configure:6520: $? = 0
configure:6586: x86_64-w64-mingw32-gcc -o conftest.exe -g -O2   conftest.c conftstm.o >&5
configure:6589: $? = 0
configure:6627: result: ok
configure:6674: checking for sysroot
configure:6704: result: no
configure:6711: checking for a working dd
configure:6749: result: /usr/bin/dd
configure:6753: checking how to truncate binary pipes
configure:6768: result: /usr/bin/dd bs=4096 count=1
configure:7057: checking for x86_64-w64-mingw32-mt
configure:7087: result: no
configure:7097: checking for mt
configure:7127: result: no
configure:7147: checking if : is a manifest tool
configure:7153: : '-?'
configure:7161: result: no
configure:7834: checking for ANSI C header files
configure:7854: x86_64-w64-mingw32-gcc -c -g -O2  conftest.c >&5
configure:7854: $? = 0
configure:7927: x86_64-w64-mingw32-gcc -o conftest.exe -g -O2   conftest.c  >&5
configure:7927: $? = 0
configure:7927: ./conftest.exe
configure:7927: $? = 0
configure:7938: result: yes
configure:7951: checking for sys/types.h
configure:7951: x86_64-w64-mingw32-gcc -c -g -O2  conftest.c >&5
configure:7951: $? = 0
configure:7951: result: yes
configure:7951: checking for sys/stat.h
configure:7951: x86_64-w64-mingw32-gcc -c -g -O2  conftest.c >&5
configure:7951: $? = 0
configure:7951: result: yes
configure:7951: checking for stdlib.h
configure:7951: x86_64-w64-mingw32-gcc -c -g -O2  conftest.c >&5
configure:7951: $? = 0
configure:7951: result: yes
configure:7951: checking for string.h
configure:7951: x86_64-w64-mingw32-gcc -c -g -O2  conftest.c >&5
configure:7951: $? = 0
configure:7951: result: yes
configure:7951: checking for memory.h
configure:7951: x86_64-w64-mingw32-gcc -c -g -O2  conftest.c >&5
configure:7951: $? = 0
configure:7951: result: yes
configure:7951: checking for strings.h
configure:7951: x86_64-w64-mingw32-gcc -c -g -O2  conftest.c >&5
configure:7951: $? = 0
configure:7951: result: yes
configure:7951: checking for inttypes.h
configure:7951: x86_64-w64-mingw32-gcc -c -g -O2  conftest.c >&5
configure:7951: $? = 0
configure:7951: result: yes
configure:7951: checking for stdint.h
configure:7951: x86_64-w64-mingw32-gcc -c -g -O2  conftest.c >&5
configure:7951: $? = 0
configure:7951: result: yes
configure:7951: checking for unistd.h
configure:7951: x86_64-w64-mingw32-gcc -c -g -O2  conftest.c >&5
configure:7951: $? = 0
configure:7951: result: yes
configure:7965: checking for dlfcn.h
configure:7965: x86_64-w64-mingw32-gcc -c -g -O2  conftest.c >&5
conftest.c:55:10: fatal error: dlfcn.h: No such file or directory
   55 | #include <dlfcn.h>
      |          ^~~~~~~~~
compilation terminated.
configure:7965: $? = 1
configure: failed program was:
| /* confdefs.h */
| #define PACKAGE_NAME "libpng"
| #define PACKAGE_TARNAME "libpng"
| #define PACKAGE_VERSION "1.6.37"
| #define PACKAGE_STRING "libpng 1.6.37"
| #define PACKAGE_BUGREPORT "png-mng-implement@lists.sourceforge.net"
| #define PACKAGE_URL ""
| #define PACKAGE "libpng"
| #define VERSION "1.6.37"
| #define STDC_HEADERS 1
| #define HAVE_SYS_TYPES_H 1
| #define HAVE_SYS_STAT_H 1
| #define HAVE_STDLIB_H 1
| #define HAVE_STRING_H 1
| #define HAVE_MEMORY_H 1
| #define HAVE_STRINGS_H 1
| #define HAVE_INTTYPES_H 1
| #define HAVE_STDINT_H 1
| #define HAVE_UNISTD_H 1
| /* end confdefs.h.  */
| #include <stdio.h>
| #ifdef HAVE_SYS_TYPES_H
| # include <sys/types.h>
| #endif
| #ifdef HAVE_SYS_STAT_H
| # include <sys/stat.h>
| #endif
| #ifdef STDC_HEADERS
| # include <stdlib.h>
| # include <stddef.h>
| #else
| # ifdef HAVE_STDLIB_H
| #  include <stdlib.h>
| # endif
| #endif
| #ifdef HAVE_STRING_H
| # if !defined STDC_HEADERS && defined HAVE_MEMORY_H
| #  include <memory.h>
| # endif
| # include <string.h>
| #endif
| #ifdef HAVE_STRINGS_H
| # include <strings.h>
| #endif
| #ifdef HAVE_INTTYPES_H
| # include <inttypes.h>
| #endif
| #ifdef HAVE_STDINT_H
| # include <stdint.h>
| #endif
| #ifdef HAVE_UNISTD_H
| # include <unistd.h>
| #endif
| 
| #include <dlfcn.h>
configure:7965: result: no
configure:7988: checking for x86_64-w64-mingw32-as
configure:8004: found /usr/bin/x86_64-w64-mingw32-as
configure:8015: result: x86_64-w64-mingw32-as
configure:8080: checking for x86_64-w64-mingw32-dlltool
configure:8107: result: x86_64-w64-mingw32-dlltool
configure:8172: checking for x86_64-w64-mingw32-objdump
configure:8199: result: x86_64-w64-mingw32-objdump
configure:8519: checking for objdir
configure:8534: result: .libs
configure:8798: checking if x86_64-w64-mingw32-gcc supports -fno-rtti -fno-exceptions
configure:8816: x86_64-w64-mingw32-gcc -c -g -O2  -fno-rtti -fno-exceptions conftest.c >&5
cc1: warning: command-line option '-fno-rtti' is valid for C++/D/ObjC++ but not for C
configure:8820: $? = 0
configure:8833: result: no
configure:9191: checking for x86_64-w64-mingw32-gcc option to produce PIC
configure:9198: result: -DDLL_EXPORT -DPIC
configure:9206: checking if x86_64-w64-mingw32-gcc PIC flag -DDLL_EXPORT -DPIC works
configure:9224: x86_64-w64-mingw32-gcc -c -g -O2  -DDLL_EXPORT -DPIC -DPIC conftest.c >&5
configure:9228: $? = 0
configure:9241: result: yes
configure:9270: checking if x86_64-w64-mingw32-gcc static flag -static works
configure:9298: result: yes
configure:9313: checking if x86_64-w64-mingw32-gcc supports -c -o file.o
configure:9334: x86_64-w64-mingw32-gcc -c -g -O2  -o out/conftest2.o conftest.c >&5
configure:9338: $? = 0
configure:9360: result: yes
configure:9368: checking if x86_64-w64-mingw32-gcc supports -c -o file.o
configure:9415: result: yes
configure:9448: checking whether the x86_64-w64-mingw32-gcc linker (/usr/x86_64-w64-mingw32/bin/ld.exe) supports shared libraries
configure:10707: result: yes
configure:10744: checking whether -lc should be explicitly linked in
configure:10752: x86_64-w64-mingw32-gcc -c -g -O2  conftest.c >&5
configure:10755: $? = 0
configure:10770: x86_64-w64-mingw32-gcc -shared conftest.o  -v -o ./conftest -Wl,--enable-auto-image-base -Xlinker --out-implib -Xlinker conftest 2\>\&1 \| /usr/bin/grep  -lc  \>/dev/null 2\>\&1
configure:10773: $? = 1
configure:10787: result: yes
configure:10947: checking dynamic linker characteristics
configure:11765: result: Win32 ld.exe
configure:11887: checking how to hardcode library paths into programs
configure:11912: result: immediate
configure:12460: checking whether stripping libraries is possible
configure:12465: result: yes
configure:12500: checking if libtool supports shared libraries
configure:12502: result: yes
configure:12505: checking whether to build shared libraries
configure:12530: result: yes
configure:12533: checking whether to build static libraries
configure:12537: result: yes
configure:12578: checking that AWK works
configure:12584: result: ok
configure:12635: checking if we need to force back C standard to C89
configure:12651: x86_64-w64-mingw32-gcc -c -g -O2  conftest.c >&5
configure:12651: $? = 0
configure:12652: result: no
configure:12667: checking for ANSI C header files
configure:12771: result: yes
configure:12781: checking for an ANSI C-conforming const
configure:12847: x86_64-w64-mingw32-gcc -c -g -O2  conftest.c >&5
configure:12847: $? = 0
configure:12854: result: yes
configure:12862: checking for size_t
configure:12862: x86_64-w64-mingw32-gcc -c -g -O2  conftest.c >&5
configure:12862: $? = 0
configure:12862: x86_64-w64-mingw32-gcc -c -g -O2  conftest.c >&5
conftest.c: In function 'main':
conftest.c:59:21: error: expected expression before ')' token
   59 | if (sizeof ((size_t)))
      |                     ^
configure:12862: $? = 1
configure: failed program was:
| /* confdefs.h */
| #define PACKAGE_NAME "libpng"
| #define PACKAGE_TARNAME "libpng"
| #define PACKAGE_VERSION "1.6.37"
| #define PACKAGE_STRING "libpng 1.6.37"
| #define PACKAGE_BUGREPORT "png-mng-implement@lists.sourceforge.net"
| #define PACKAGE_URL ""
| #define PACKAGE "libpng"
| #define VERSION "1.6.37"
| #define STDC_HEADERS 1
| #define HAVE_SYS_TYPES_H 1
| #define HAVE_SYS_STAT_H 1
| #define HAVE_STDLIB_H 1
| #define HAVE_STRING_H 1
| #define HAVE_MEMORY_H 1
| #define HAVE_STRINGS_H 1
| #define HAVE_INTTYPES_H 1
| #define HAVE_STDINT_H 1
| #define HAVE_UNISTD_H 1
| #define LT_OBJDIR ".libs/"
| #define STDC_HEADERS 1
| /* end confdefs.h.  */
| #include <stdio.h>
| #ifdef HAVE_SYS_TYPES_H
| # include <sys/types.h>
| #endif
| #ifdef HAVE_SYS_STAT_H
| # include <sys/stat.h>
| #endif
| #ifdef STDC_HEADERS
| # include <stdlib.h>
| # include <stddef.h>
| #else
| # ifdef HAVE_STDLIB_H
| #  include <stdlib.h>
| # endif
| #endif
| #ifdef HAVE_STRING_H
| # if !defined STDC_HEADERS && defined HAVE_MEMORY_H
| #  include <memory.h>
| # endif
| # include <string.h>
| #endif
| #ifdef HAVE_STRINGS_H
| # include <strings.h>
| #endif
| #ifdef HAVE_INTTYPES_H
| # include <inttypes.h>
| #endif
| #ifdef HAVE_STDINT_H
| # include <stdint.h>
| #endif
| #ifdef HAVE_UNISTD_H
| # include <unistd.h>
| #endif
| int
| main ()
| {
| if (sizeof ((size_t)))
| 	    return 0;
|   ;
|   return 0;
| }
configure:12862: result: yes
configure:12873: checking whether struct tm is in sys/time.h or time.h
configure:12893: x86_64-w64-mingw32-gcc -c -g -O2  conftest.c >&5
configure:12893: $? = 0
configure:12900: result: time.h
configure:12908: checking for C/C++ restrict keyword
configure:12933: x86_64-w64-mingw32-gcc -c -g -O2  conftest.c >&5
configure:12933: $? = 0
configure:12941: result: __restrict
configure:12956: checking for working strtod
configure:12997: x86_64-w64-mingw32-gcc -o conftest.exe -g -O2   conftest.c  >&5
configure:12997: $? = 0
configure:12997: ./conftest.exe
configure:12997: $? = 0
configure:13007: result: yes
configure:13071: checking for pow
configure:13071: x86_64-w64-mingw32-gcc -o conftest.exe -g -O2   conftest.c  >&5
conftest.c:47:6: warning: conflicting types for built-in function 'pow'; expected 'double(double,  double)' [-Wbuiltin-declaration-mismatch]
   47 | char pow ();
      |      ^~~
conftest.c:35:1: note: 'pow' is declared in header '<math.h>'
   34 | # include <limits.h>
   35 | #else
configure:13071: $? = 0
configure:13071: result: yes
configure:13131: checking for clock_gettime
configure:13131: x86_64-w64-mingw32-gcc -o conftest.exe -g -O2   conftest.c  >&5
configure:13131: $? = 0
configure:13131: result: yes
configure:13156: checking for zlibVersion in -lz
configure:13181: x86_64-w64-mingw32-gcc -o conftest.exe -g -O2   conftest.c -lz   >&5
configure:13181: $? = 0
configure:13190: result: yes
configure:13255: checking for feenableexcept in -lm
configure:13280: x86_64-w64-mingw32-gcc -o conftest.exe -g -O2   conftest.c -lm  -lz  >&5
/usr/lib/gcc/x86_64-w64-mingw32/11/../../../../x86_64-w64-mingw32/bin/ld: /tmp/ccw8Xpua.o: in function `main':
/cygdrive/c/AMANDA AVA KOCI PEREIRA/nosso_trabalho/amanda_projects/project picasso/supporting_libraries_i/libpng-1.6.37_x64/conftest.c:37: undefined reference to `feenableexcept'
collect2: error: ld returned 1 exit status
configure:13280: $? = 1
configure: failed program was:
| /* confdefs.h */
| #define PACKAGE_NAME "libpng"
| #define PACKAGE_TARNAME "libpng"
| #define PACKAGE_VERSION "1.6.37"
| #define PACKAGE_STRING "libpng 1.6.37"
| #define PACKAGE_BUGREPORT "png-mng-implement@lists.sourceforge.net"
| #define PACKAGE_URL ""
| #define PACKAGE "libpng"
| #define VERSION "1.6.37"
| #define STDC_HEADERS 1
| #define HAVE_SYS_TYPES_H 1
| #define HAVE_SYS_STAT_H 1
| #define HAVE_STDLIB_H 1
| #define HAVE_STRING_H 1
| #define HAVE_MEMORY_H 1
| #define HAVE_STRINGS_H 1
| #define HAVE_INTTYPES_H 1
| #define HAVE_STDINT_H 1
| #define HAVE_UNISTD_H 1
| #define LT_OBJDIR ".libs/"
| #define STDC_HEADERS 1
| #define restrict __restrict
| #define HAVE_POW 1
| #define HAVE_LIBZ 1
| /* end confdefs.h.  */
| 
| /* Override any GCC internal prototype to avoid an error.
|    Use char because int might match the return type of a GCC
|    builtin and then its argument prototype would still apply.  */
| #ifdef __cplusplus
| extern "C"
| #endif
| char feenableexcept ();
| int
| main ()
| {
| return feenableexcept ();
|   ;
|   return 0;
| }
configure:13289: result: no
configure:13302: checking for feenableexcept
configure:13302: x86_64-w64-mingw32-gcc -o conftest.exe -g -O2   conftest.c -lz  >&5
/usr/lib/gcc/x86_64-w64-mingw32/11/../../../../x86_64-w64-mingw32/bin/ld: /tmp/cchionzL.o: in function `main':
/cygdrive/c/AMANDA AVA KOCI PEREIRA/nosso_trabalho/amanda_projects/project picasso/supporting_libraries_i/libpng-1.6.37_x64/conftest.c:60: undefined reference to `feenableexcept'
collect2: error: ld returned 1 exit status
configure:13302: $? = 1
configure: failed program was:
| /* confdefs.h */
| #define PACKAGE_NAME "libpng"
| #define PACKAGE_TARNAME "libpng"
| #define PACKAGE_VERSION "1.6.37"
| #define PACKAGE_STRING "libpng 1.6.37"
| #define PACKAGE_BUGREPORT "png-mng-implement@lists.sourceforge.net"
| #define PACKAGE_URL ""
| #define PACKAGE "libpng"
| #define VERSION "1.6.37"
| #define STDC_HEADERS 1
| #define HAVE_SYS_TYPES_H 1
| #define HAVE_SYS_STAT_H 1
| #define HAVE_STDLIB_H 1
| #define HAVE_STRING_H 1
| #define HAVE_MEMORY_H 1
| #define HAVE_STRINGS_H 1
| #define HAVE_INTTYPES_H 1
| #define HAVE_STDINT_H 1
| #define HAVE_UNISTD_H 1
| #define LT_OBJDIR ".libs/"
| #define STDC_HEADERS 1
| #define restrict __restrict
| #define HAVE_POW 1
| #define HAVE_LIBZ 1
| /* end confdefs.h.  */
| /* Define feenableexcept to an innocuous variant, in case <limits.h> declares feenableexcept.
|    For example, HP-UX 11i <limits.h> declares gettimeofday.  */
| #define feenableexcept innocuous_feenableexcept
| 
| /* System header to define __stub macros and hopefully few prototypes,
|     which can conflict with char feenableexcept (); below.
|     Prefer <limits.h> to <assert.h> if __STDC__ is defined, since
|     <limits.h> exists even on freestanding compilers.  */
| 
| #ifdef __STDC__
| # include <limits.h>
| #else
| # include <assert.h>
| #endif
| 
| #undef feenableexcept
| 
| /* Override any GCC internal prototype to avoid an error.
|    Use char because int might match the return type of a GCC
|    builtin and then its argument prototype would still apply.  */
| #ifdef __cplusplus
| extern "C"
| #endif
| char feenableexcept ();
| /* The GNU C library defines this for functions which it implements
|     to always fail with ENOSYS.  Some functions are actually named
|     something starting with __ and the normal name is an alias.  */
| #if defined __stub_feenableexcept || defined __stub___feenableexcept
| choke me
| #endif
| 
| int
| main ()
| {
| return feenableexcept ();
|   ;
|   return 0;
| }
configure:13302: result: no
configure:13312: checking if using Solaris linker
configure:13321: result: no
configure:13333: checking if libraries can be versioned
configure:13341: result: no
configure:13405: pkgconfig directory is ${libdir}/pkgconfig
configure:13766: Extra options for compiler: 
configure:13884: checking that generated files are newer than configure
configure:13890: result: done
configure:13965: creating ./config.status

## ---------------------- ##
## Running config.status. ##
## ---------------------- ##

This file was extended by libpng config.status 1.6.37, which was
generated by GNU Autoconf 2.69.  Invocation command line was

  CONFIG_FILES    = 
  CONFIG_HEADERS  = 
  CONFIG_LINKS    = 
  CONFIG_COMMANDS = 
  $ ./config.status 

on Pereira

config.status:1149: creating Makefile
config.status:1149: creating libpng.pc
config.status:1149: creating libpng-config
config.status:1149: creating config.h
config.status:1330: config.h is unchanged
config.status:1378: executing depfiles commands
config.status:1455: cd .       && sed -e '/# am--include-marker/d' Makefile         | make -f - am--depfiles
config.status:1460: $? = 0
config.status:1378: executing libtool commands

## ---------------- ##
## Cache variables. ##
## ---------------- ##

ac_cv_build=x86_64-unknown-cygwin
ac_cv_c_compiler_gnu=yes
ac_cv_c_const=yes
ac_cv_c_restrict=__restrict
ac_cv_env_CCASFLAGS_set=
ac_cv_env_CCASFLAGS_value=
ac_cv_env_CCAS_set=
ac_cv_env_CCAS_value=
ac_cv_env_CC_set=
ac_cv_env_CC_value=
ac_cv_env_CFLAGS_set=
ac_cv_env_CFLAGS_value=
ac_cv_env_CPPFLAGS_set=
ac_cv_env_CPPFLAGS_value=
ac_cv_env_CPP_set=
ac_cv_env_CPP_value=
ac_cv_env_LDFLAGS_set=
ac_cv_env_LDFLAGS_value=
ac_cv_env_LIBS_set=
ac_cv_env_LIBS_value=
ac_cv_env_LT_SYS_LIBRARY_PATH_set=
ac_cv_env_LT_SYS_LIBRARY_PATH_value=
ac_cv_env_PNG_COPTS_set=
ac_cv_env_PNG_COPTS_value=
ac_cv_env_build_alias_set=
ac_cv_env_build_alias_value=
ac_cv_env_host_alias_set=set
ac_cv_env_host_alias_value=x86_64-w64-mingw32
ac_cv_env_target_alias_set=
ac_cv_env_target_alias_value=
ac_cv_exeext=.exe
ac_cv_func_clock_gettime=yes
ac_cv_func_feenableexcept=no
ac_cv_func_pow=yes
ac_cv_func_strtod=yes
ac_cv_header_dlfcn_h=no
ac_cv_header_inttypes_h=yes
ac_cv_header_memory_h=yes
ac_cv_header_stdc=yes
ac_cv_header_stdint_h=yes
ac_cv_header_stdlib_h=yes
ac_cv_header_string_h=yes
ac_cv_header_strings_h=yes
ac_cv_header_sys_stat_h=yes
ac_cv_header_sys_types_h=yes
ac_cv_header_unistd_h=yes
ac_cv_host=x86_64-w64-mingw32
ac_cv_lib_m_feenableexcept=no
ac_cv_lib_z_zlibVersion=yes
ac_cv_objext=o
ac_cv_path_EGREP='/usr/bin/grep -E'
ac_cv_path_FGREP='/usr/bin/grep -F'
ac_cv_path_GREP=/usr/bin/grep
ac_cv_path_SED=/usr/bin/sed
ac_cv_path_install='/usr/bin/install -c'
ac_cv_path_lt_DD=/usr/bin/dd
ac_cv_path_mkdir=/usr/bin/mkdir
ac_cv_prog_AR=x86_64-w64-mingw32-ar
ac_cv_prog_AS=x86_64-w64-mingw32-as
ac_cv_prog_AWK=gawk
ac_cv_prog_CC=x86_64-w64-mingw32-gcc
ac_cv_prog_CPP='x86_64-w64-mingw32-gcc -E'
ac_cv_prog_DLLTOOL=x86_64-w64-mingw32-dlltool
ac_cv_prog_OBJDUMP=x86_64-w64-mingw32-objdump
ac_cv_prog_RANLIB=x86_64-w64-mingw32-ranlib
ac_cv_prog_STRIP=x86_64-w64-mingw32-strip
ac_cv_prog_cc_c89=
ac_cv_prog_cc_g=yes
ac_cv_prog_make_make_set=yes
ac_cv_struct_tm=time.h
ac_cv_type_size_t=yes
am_cv_CCAS_dependencies_compiler_type=gcc3
am_cv_CC_dependencies_compiler_type=gcc3
am_cv_make_support_nested_variables=yes
am_cv_prog_cc_c_o=yes
lt_cv_ar_at_file=@
lt_cv_archive_cmds_need_lc=yes
lt_cv_deplibs_check_method='file_magic ^x86 archive import|^x86 DLL'
lt_cv_file_magic_cmd=func_win32_libid
lt_cv_file_magic_test_file=
lt_cv_ld_reload_flag=-r
lt_cv_nm_interface='BSD nm'
lt_cv_objdir=.libs
lt_cv_path_LD=/usr/x86_64-w64-mingw32/bin/ld.exe
lt_cv_path_NM='/usr/bin/x86_64-w64-mingw32-nm -B'
lt_cv_path_mainfest_tool=no
lt_cv_prog_compiler_c_o=yes
lt_cv_prog_compiler_pic='-DDLL_EXPORT -DPIC'
lt_cv_prog_compiler_pic_works=yes
lt_cv_prog_compiler_rtti_exceptions=no
lt_cv_prog_compiler_static_works=yes
lt_cv_prog_gnu_ld=yes
lt_cv_sharedlib_from_linklib_cmd=func_cygming_dll_for_implib
lt_cv_sys_global_symbol_pipe='sed -n -e '\''s/^.*[	 ]\([ABCDGIRSTW][ABCDGIRSTW]*\)[	 ][	 ]*\([_A-Za-z][_A-Za-z0-9]*\)$/\1 \2 \2/p'\'' | sed '\''/ __gnu_lto/d'\'''
lt_cv_sys_global_symbol_to_c_name_address='sed -n -e '\''s/^: \(.*\) .*$/  {"\1", (void *) 0},/p'\'' -e '\''s/^[ABCDGIRSTW][ABCDGIRSTW]* .* \(.*\)$/  {"\1", (void *) \&\1},/p'\'''
lt_cv_sys_global_symbol_to_c_name_address_lib_prefix='sed -n -e '\''s/^: \(.*\) .*$/  {"\1", (void *) 0},/p'\'' -e '\''s/^[ABCDGIRSTW][ABCDGIRSTW]* .* \(lib.*\)$/  {"\1", (void *) \&\1},/p'\'' -e '\''s/^[ABCDGIRSTW][ABCDGIRSTW]* .* \(.*\)$/  {"lib\1", (void *) \&\1},/p'\'''
lt_cv_sys_global_symbol_to_cdecl='sed -n -e '\''s/^T .* \(.*\)$/extern int \1();/p'\'' -e '\''s/^[ABCDGIRSTW][ABCDGIRSTW]* .* \(.*\)$/extern char \1;/p'\'''
lt_cv_sys_global_symbol_to_import=
lt_cv_sys_max_cmd_len=8192
lt_cv_to_host_file_cmd=func_convert_file_cygwin_to_w32
lt_cv_to_tool_file_cmd=func_convert_file_noop
lt_cv_truncate_bin='/usr/bin/dd bs=4096 count=1'

## ----------------- ##
## Output variables. ##
## ----------------- ##

ACLOCAL='${SHELL} "/cygdrive/c/AMANDA AVA KOCI PEREIRA/nosso_trabalho/amanda_projects/project picasso/supporting_libraries_i/libpng-1.6.37_x64/missing" aclocal-1.16'
AMDEPBACKSLASH='\'
AMDEP_FALSE='#'
AMDEP_TRUE=''
AMTAR='$${TAR-tar}'
AM_BACKSLASH='\'
AM_DEFAULT_V='$(AM_DEFAULT_VERBOSITY)'
AM_DEFAULT_VERBOSITY='1'
AM_V='$(V)'
AR='x86_64-w64-mingw32-ar'
AS='x86_64-w64-mingw32-as'
AUTOCONF='${SHELL} "/cygdrive/c/AMANDA AVA KOCI PEREIRA/nosso_trabalho/amanda_projects/project picasso/supporting_libraries_i/libpng-1.6.37_x64/missing" autoconf'
AUTOHEADER='${SHELL} "/cygdrive/c/AMANDA AVA KOCI PEREIRA/nosso_trabalho/amanda_projects/project picasso/supporting_libraries_i/libpng-1.6.37_x64/missing" autoheader'
AUTOMAKE='${SHELL} "/cygdrive/c/AMANDA AVA KOCI PEREIRA/nosso_trabalho/amanda_projects/project picasso/supporting_libraries_i/libpng-1.6.37_x64/missing" automake-1.16'
AWK='gawk'
CC='x86_64-w64-mingw32-gcc'
CCAS='x86_64-w64-mingw32-gcc'
CCASDEPMODE='depmode=gcc3'
CCASFLAGS='-g -O2'
CCDEPMODE='depmode=gcc3'
CFLAGS='-g -O2'
CPP='x86_64-w64-mingw32-gcc -E'
CPPFLAGS=''
CYGPATH_W='cygpath -w'
DEFS='-DHAVE_CONFIG_H'
DEPDIR='.deps'
DFNCPP='x86_64-w64-mingw32-gcc -E'
DLLTOOL='x86_64-w64-mingw32-dlltool'
DO_INSTALL_LIBPNG_CONFIG_FALSE='#'
DO_INSTALL_LIBPNG_CONFIG_TRUE=''
DO_INSTALL_LIBPNG_PC_FALSE='#'
DO_INSTALL_LIBPNG_PC_TRUE=''
DO_INSTALL_LINKS_FALSE='#'
DO_INSTALL_LINKS_TRUE=''
DO_PNG_PREFIX_FALSE=''
DO_PNG_PREFIX_TRUE='#'
DSYMUTIL=''
DUMPBIN=''
ECHO_C=''
ECHO_N='-n'
ECHO_T=''
EGREP='/usr/bin/grep -E'
EXEEXT='.exe'
FGREP='/usr/bin/grep -F'
GREP='/usr/bin/grep'
HAVE_CLOCK_GETTIME_FALSE='#'
HAVE_CLOCK_GETTIME_TRUE=''
HAVE_LD_VERSION_SCRIPT_FALSE=''
HAVE_LD_VERSION_SCRIPT_TRUE='#'
HAVE_SOLARIS_LD_FALSE=''
HAVE_SOLARIS_LD_TRUE='#'
INSTALL_DATA='${INSTALL} -m 644'
INSTALL_PROGRAM='${INSTALL}'
INSTALL_SCRIPT='${INSTALL}'
INSTALL_STRIP_PROGRAM='$(install_sh) -c -s'
LD='/usr/x86_64-w64-mingw32/bin/ld.exe'
LDFLAGS=''
LIBOBJS=''
LIBS='-lz '
LIBTOOL='$(SHELL) $(top_builddir)/libtool'
LIPO=''
LN_S='ln -s'
LTLIBOBJS=''
LT_SYS_LIBRARY_PATH=''
MAINT='#'
MAINTAINER_MODE_FALSE=''
MAINTAINER_MODE_TRUE='#'
MAKEINFO='${SHELL} "/cygdrive/c/AMANDA AVA KOCI PEREIRA/nosso_trabalho/amanda_projects/project picasso/supporting_libraries_i/libpng-1.6.37_x64/missing" makeinfo'
MANIFEST_TOOL=':'
MKDIR_P='/usr/bin/mkdir -p'
NM='/usr/bin/x86_64-w64-mingw32-nm -B'
NMEDIT=''
OBJDUMP='x86_64-w64-mingw32-objdump'
OBJEXT='o'
OTOOL64=''
OTOOL=''
PACKAGE='libpng'
PACKAGE_BUGREPORT='png-mng-implement@lists.sourceforge.net'
PACKAGE_NAME='libpng'
PACKAGE_STRING='libpng 1.6.37'
PACKAGE_TARNAME='libpng'
PACKAGE_URL=''
PACKAGE_VERSION='1.6.37'
PATH_SEPARATOR=':'
PNGLIB_MAJOR='1'
PNGLIB_MINOR='6'
PNGLIB_RELEASE='37'
PNGLIB_VERSION='1.6.37'
PNG_ARM_NEON_FALSE=''
PNG_ARM_NEON_TRUE='#'
PNG_COPTS=''
PNG_INTEL_SSE_FALSE='#'
PNG_INTEL_SSE_TRUE=''
PNG_MIPS_MSA_FALSE='#'
PNG_MIPS_MSA_TRUE=''
PNG_POWERPC_VSX_FALSE='#'
PNG_POWERPC_VSX_TRUE=''
PNG_PREFIX=''
POW_LIB=''
RANLIB='x86_64-w64-mingw32-ranlib'
SED='/usr/bin/sed'
SET_MAKE=''
SHELL='/bin/sh'
STRIP='x86_64-w64-mingw32-strip'
SYMBOL_PREFIX=''
VERSION='1.6.37'
ac_ct_AR=''
ac_ct_CC=''
ac_ct_DUMPBIN=''
am__EXEEXT_FALSE='#'
am__EXEEXT_TRUE=''
am__fastdepCCAS_FALSE='#'
am__fastdepCCAS_TRUE=''
am__fastdepCC_FALSE='#'
am__fastdepCC_TRUE=''
am__include='include'
am__isrc=''
am__leading_dot='.'
am__nodep='_no'
am__quote=''
am__tar='$${TAR-tar} chof - "$$tardir"'
am__untar='$${TAR-tar} xf -'
binconfigs='${binconfigs}'
bindir='${exec_prefix}/bin'
build='x86_64-unknown-cygwin'
build_alias=''
build_cpu='x86_64'
build_os='cygwin'
build_vendor='unknown'
datadir='${datarootdir}'
datarootdir='${prefix}/share'
docdir='${datarootdir}/doc/${PACKAGE_TARNAME}'
dvidir='${docdir}'
exec_prefix='${prefix}'
host='x86_64-w64-mingw32'
host_alias='x86_64-w64-mingw32'
host_cpu='x86_64'
host_os='mingw32'
host_vendor='w64'
htmldir='${docdir}'
includedir='${prefix}/include'
infodir='${datarootdir}/info'
install_sh='${SHELL} '\''/cygdrive/c/AMANDA AVA KOCI PEREIRA/nosso_trabalho/amanda_projects/project picasso/supporting_libraries_i/libpng-1.6.37_x64/install-sh'\'''
libdir='${exec_prefix}/lib'
libexecdir='${exec_prefix}/libexec'
localedir='${datarootdir}/locale'
localstatedir='${prefix}/var'
mandir='${datarootdir}/man'
mkdir_p='$(MKDIR_P)'
oldincludedir='/usr/include'
pdfdir='${docdir}'
pkgconfigdir='${libdir}/pkgconfig'
prefix='/usr/local'
program_transform_name='s,x,x,'
psdir='${docdir}'
sbindir='${exec_prefix}/sbin'
sharedstatedir='${prefix}/com'
sysconfdir='${prefix}/etc'
target_alias=''

## ----------- ##
## confdefs.h. ##
## ----------- ##

/* confdefs.h */
#define PACKAGE_NAME "libpng"
#define PACKAGE_TARNAME "libpng"
#define PACKAGE_VERSION "1.6.37"
#define PACKAGE_STRING "libpng 1.6.37"
#define PACKAGE_BUGREPORT "png-mng-implement@lists.sourceforge.net"
#define PACKAGE_URL ""
#define PACKAGE "libpng"
#define VERSION "1.6.37"
#define STDC_HEADERS 1
#define HAVE_SYS_TYPES_H 1
#define HAVE_SYS_STAT_H 1
#define HAVE_STDLIB_H 1
#define HAVE_STRING_H 1
#define HAVE_MEMORY_H 1
#define HAVE_STRINGS_H 1
#define HAVE_INTTYPES_H 1
#define HAVE_STDINT_H 1
#define HAVE_UNISTD_H 1
#define LT_OBJDIR ".libs/"
#define STDC_HEADERS 1
#define restrict __restrict
#define HAVE_POW 1
#define HAVE_LIBZ 1

configure: exit 0
